<?xml version="1.0" encoding="UTF-8"?>
<!-- Generated by org.testng.reporters.JUnitReportReporter -->
<testsuite hostname="LP-MUM-0X110142" failures="0" tests="1" name="pojobody.Serialisation" time="2.172" errors="0" timestamp="2023-11-30T11:24:09 IST" skipped="0">
  <testcase classname="pojobody.Serialisation" name="createUser" time="2.172"/>
  <system-out/>
</testsuite> <!-- pojobody.Serialisation -->
