<?xml version="1.0" encoding="UTF-8"?>
<!-- Generated by org.testng.reporters.JUnitReportReporter -->
<testsuite hostname="LP-MUM-0X110142" failures="0" tests="1" name="commonPkg.RequestSpecBuilderCalss" time="3.475" errors="0" timestamp="2023-11-30T14:18:25 IST" skipped="0">
  <testcase classname="commonPkg.RequestSpecBuilderCalss" name="getUser" time="3.475"/>
  <system-out/>
</testsuite> <!-- commonPkg.RequestSpecBuilderCalss -->
