<?xml version="1.0" encoding="UTF-8"?>
<!-- Generated by org.testng.reporters.JUnitReportReporter -->
<testsuite hostname="LP-MUM-0X110142" failures="0" tests="1" name="testng.Serialisation" time="1.879" errors="0" timestamp="2023-11-30T11:57:50 IST" skipped="0">
  <testcase classname="testng.Serialisation" name="getUser" time="1.879"/>
  <system-out/>
</testsuite> <!-- testng.Serialisation -->
